<?xml version='1.0' encoding='UTF-8'?>
<!DOCTYPE coverage SYSTEM 'http://cobertura.sourceforge.net/xml/coverage-04.dtd'>
<coverage line-rate="0.819749652294854" branch-rate="0.4528143377205265" lines-covered="2947" lines-valid="3595" branches-covered="1617" branches-valid="3571" complexity="0.0" timestamp="1762878514" version="gcovr 8.4"><sources><source>/Users/mateobodon/Documents/Programming/Projects/quant-pricer-cpp</source></sources><packages><package name="include.quant" line-rate="0.9222222222222223" branch-rate="0.4117647058823529" complexity="0.0"><classes><class name="american_hpp" filename="include/quant/american.hpp" line-rate="1.0" branch-rate="1.0" complexity="0.0"><methods/><lines/></class><class name="black_scholes_hpp" filename="include/quant/black_scholes.hpp" line-rate="1.0" branch-rate="1.0" complexity="0.0"><methods><method name="quant::bs::normal_pdf" signature="(double)" line-rate="1.0" branch-rate="1.0" complexity="0.0"><lines><line number="12" hits="8" branch="false"/><line number="14" hits="8" branch="false"/></lines></method><method name="quant::bs::normal_cdf" signature="(double)" line-rate="1.0" branch-rate="1.0" complexity="0.0"><lines><line number="21" hits="174" branch="false"/><line number="22" hits="174" branch="false"/></lines></method><method name="quant::bs::d1" signature="(double, double, double, double, double, double)" line-rate="1.0" branch-rate="1.0" complexity="0.0"><lines><line number="46" hits="87" branch="false"/><line number="47" hits="87" branch="false"/><line number="48" hits="87" branch="false"/></lines></method><method name="quant::bs::d2" signature="(double, double, double)" line-rate="1.0" branch-rate="1.0" complexity="0.0"><lines><line number="56" hits="77" branch="false"/><line number="57" hits="77" branch="false"/></lines></method></methods><lines><line number="12" hits="8" branch="false"/><line number="14" hits="8" branch="false"/><line number="21" hits="174" branch="false"/><line number="22" hits="174" branch="false"/><line number="46" hits="87" branch="false"/><line number="47" hits="87" branch="false"/><line number="48" hits="87" branch="false"/><line number="56" hits="77" branch="false"/><line number="57" hits="77" branch="false"/></lines></class><class name="grid_utils_hpp" filename="include/quant/grid_utils.hpp" line-rate="1.0" branch-rate="1.0" complexity="0.0"><methods/><lines/></class><class name="math_hpp" filename="include/quant/math.hpp" line-rate="1.0" branch-rate="0.75" complexity="0.0"><methods><method name="quant::math::inverse_normal_cdf" signature="(double)" line-rate="1.0" branch-rate="0.75" complexity="0.0"><lines><line number="15" hits="126557825" branch="false"/><line number="16" hits="126557825" branch="true" condition-coverage="50% (1/2)"><conditions><condition number="0" type="jump" coverage="50%"/></conditions></line><line number="17" hits="126557825" branch="true" condition-coverage="50% (1/2)"><conditions><condition number="0" type="jump" coverage="50%"/></conditions></line><line number="45" hits="126557825" branch="false"/><line number="46" hits="126557825" branch="false"/><line number="48" hits="126557825" branch="true" condition-coverage="100% (2/2)"><conditions><condition number="0" type="jump" coverage="100%"/></conditions></line><line number="49" hits="3067364" branch="false"/><line number="50" hits="6134728" branch="false"/><line number="51" hits="3067364" branch="false"/><line number="52" hits="126557825" branch="true" condition-coverage="100% (2/2)"><conditions><condition number="0" type="jump" coverage="100%"/></conditions></line><line number="53" hits="120418521" branch="false"/><line number="54" hits="120418521" branch="false"/><line number="55" hits="240837042" branch="false"/><line number="56" hits="120418521" branch="false"/><line number="57" hits="120418521" branch="false"/><line number="58" hits="3071940" branch="false"/><line number="59" hits="6143880" branch="false"/><line number="60" hits="3071940" branch="false"/><line number="64" hits="126557825" branch="false"/><line number="65" hits="126557825" branch="false"/><line number="66" hits="126557825" branch="false"/><line number="67" hits="126557825" branch="false"/><line number="68" hits="126557825" branch="false"/></lines></method></methods><lines><line number="15" hits="126557825" branch="false"/><line number="16" hits="126557825" branch="true" condition-coverage="50% (1/2)"><conditions><condition number="0" type="jump" coverage="50%"/></conditions></line><line number="17" hits="126557825" branch="true" condition-coverage="50% (1/2)"><conditions><condition number="0" type="jump" coverage="50%"/></conditions></line><line number="45" hits="126557825" branch="false"/><line number="46" hits="126557825" branch="false"/><line number="48" hits="126557825" branch="true" condition-coverage="100% (2/2)"><conditions><condition number="0" type="jump" coverage="100%"/></conditions></line><line number="49" hits="3067364" branch="false"/><line number="50" hits="6134728" branch="false"/><line number="51" hits="3067364" branch="false"/><line number="52" hits="126557825" branch="true" condition-coverage="100% (2/2)"><conditions><condition number="0" type="jump" coverage="100%"/></conditions></line><line number="53" hits="120418521" branch="false"/><line number="54" hits="120418521" branch="false"/><line number="55" hits="240837042" branch="false"/><line number="56" hits="120418521" branch="false"/><line number="57" hits="120418521" branch="false"/><line number="58" hits="3071940" branch="false"/><line number="59" hits="6143880" branch="false"/><line number="60" hits="3071940" branch="false"/><line number="64" hits="126557825" branch="false"/><line number="65" hits="126557825" branch="false"/><line number="66" hits="126557825" branch="false"/><line number="67" hits="126557825" branch="false"/><line number="68" hits="126557825" branch="false"/></lines></class><class name="mc_hpp" filename="include/quant/mc.hpp" line-rate="1.0" branch-rate="0.5" complexity="0.0"><methods><method name="quant::mc::McParams::McParams" signature="(quant::mc::McParams const&amp;)" line-rate="1.0" branch-rate="0.5" complexity="0.0"><lines><line number="17" hits="4" branch="true" condition-coverage="50% (1/2)"><conditions><condition number="0" type="jump" coverage="50%"/></conditions></line></lines></method><method name="quant::mc::McParams::~McParams" signature="()" line-rate="1.0" branch-rate="1.0" complexity="0.0"><lines/></method></methods><lines><line number="17" hits="4" branch="true" condition-coverage="50% (1/2)"><conditions><condition number="0" type="jump" coverage="50%"/></conditions></line></lines></class><class name="multi_hpp" filename="include/quant/multi.hpp" line-rate="1.0" branch-rate="1.0" complexity="0.0"><methods/><lines/></class><class name="pde_hpp" filename="include/quant/pde.hpp" line-rate="1.0" branch-rate="0.5" complexity="0.0"><methods><method name="quant::pde::PdeParams::PdeParams" signature="(quant::pde::PdeParams const&amp;)" line-rate="1.0" branch-rate="0.5" complexity="0.0"><lines><line number="29" hits="6" branch="true" condition-coverage="50% (1/2)"><conditions><condition number="0" type="jump" coverage="50%"/></conditions></line></lines></method><method name="quant::pde::PdeParams::~PdeParams" signature="()" line-rate="1.0" branch-rate="1.0" complexity="0.0"><lines/></method></methods><lines><line number="29" hits="6" branch="true" condition-coverage="50% (1/2)"><conditions><condition number="0" type="jump" coverage="50%"/></conditions></line></lines></class><class name="rng_hpp" filename="include/quant/rng.hpp" line-rate="1.0" branch-rate="1.0" complexity="0.0"><methods><method name="quant::rng::detail::splitmix64" signature="(unsigned long long)" line-rate="1.0" branch-rate="1.0" complexity="0.0"><lines><line number="24" hits="780660224" branch="false"/><line number="25" hits="780660224" branch="false"/><line number="26" hits="780660224" branch="false"/><line number="27" hits="780660224" branch="false"/><line number="28" hits="780660224" branch="false"/><line number="29" hits="780660224" branch="false"/></lines></method><method name="quant::rng::detail::hash_combine" signature="(unsigned long long, unsigned long long)" line-rate="1.0" branch-rate="1.0" complexity="0.0"><lines><line number="32" hits="585495168" branch="false"/><line number="33" hits="585495168" branch="false"/><line number="34" hits="585495168" branch="false"/></lines></method><method name="quant::rng::detail::to_unit_interval" signature="(unsigned long long)" line-rate="1.0" branch-rate="1.0" complexity="0.0"><lines><line number="37" hits="195165056" branch="false"/><line number="38" hits="195165056" branch="false"/><line number="39" hits="195165056" branch="false"/><line number="40" hits="195165056" branch="false"/><line number="41" hits="195165056" branch="false"/><line number="42" hits="195165056" branch="false"/><line number="43" hits="195165056" branch="false"/></lines></method><method name="quant::rng::uniform" signature="(unsigned long long, unsigned long long, unsigned int, unsigned int, unsigned int)" line-rate="1.0" branch-rate="1.0" complexity="0.0"><lines><line number="49" hits="195165056" branch="false"/><line number="53" hits="195165056" branch="false"/><line number="55" hits="195165056" branch="false"/><line number="56" hits="195165056" branch="false"/><line number="57" hits="195165056" branch="false"/><line number="58" hits="195165056" branch="false"/><line number="59" hits="195165056" branch="false"/></lines></method><method name="quant::rng::normal" signature="(unsigned long long, unsigned long long, unsigned int, unsigned int, unsigned int)" line-rate="1.0" branch-rate="1.0" complexity="0.0"><lines><line number="63" hits="126525056" branch="false"/><line number="67" hits="126525056" branch="false"/><line number="68" hits="126525056" branch="false"/><line number="69" hits="126525056" branch="false"/></lines></method></methods><lines><line number="24" hits="780660224" branch="false"/><line number="25" hits="780660224" branch="false"/><line number="26" hits="780660224" branch="false"/><line number="27" hits="780660224" branch="false"/><line number="28" hits="780660224" branch="false"/><line number="29" hits="780660224" branch="false"/><line number="32" hits="585495168" branch="false"/><line number="33" hits="585495168" branch="false"/><line number="34" hits="585495168" branch="false"/><line number="37" hits="195165056" branch="false"/><line number="38" hits="195165056" branch="false"/><line number="39" hits="195165056" branch="false"/><line number="40" hits="195165056" branch="false"/><line number="41" hits="195165056" branch="false"/><line number="42" hits="195165056" branch="false"/><line number="43" hits="195165056" branch="false"/><line number="49" hits="195165056" branch="false"/><line number="53" hits="195165056" branch="false"/><line number="55" hits="195165056" branch="false"/><line number="56" hits="195165056" branch="false"/><line number="57" hits="195165056" branch="false"/><line number="58" hits="195165056" branch="false"/><line number="59" hits="195165056" branch="false"/><line number="63" hits="126525056" branch="false"/><line number="67" hits="126525056" branch="false"/><line number="68" hits="126525056" branch="false"/><line number="69" hits="126525056" branch="false"/></lines></class><class name="stats_hpp" filename="include/quant/stats.hpp" line-rate="1.0" branch-rate="0.5" complexity="0.0"><methods><method name="quant::stats::Welford::Welford" signature="()" line-rate="1.0" branch-rate="1.0" complexity="0.0"><lines><line number="9" hits="71" branch="false"/><line number="10" hits="71" branch="false"/><line number="11" hits="71" branch="false"/><line number="12" hits="71" branch="false"/></lines></method><method name="quant::stats::Welford::add" signature="(double)" line-rate="1.0" branch-rate="1.0" complexity="0.0"><lines><line number="14" hits="5350720" branch="false"/><line number="15" hits="5350720" branch="false"/><line number="16" hits="5350720" branch="false"/><line number="17" hits="5350720" branch="false"/><line number="18" hits="5350720" branch="false"/><line number="19" hits="5350720" branch="false"/><line number="20" hits="5350720" branch="false"/></lines></method><method name="quant::stats::Welford::variance" signature="() const" line-rate="1.0" branch-rate="0.5" complexity="0.0"><lines><line number="32" hits="44" branch="false"/><line number="33" hits="44" branch="true" condition-coverage="50% (1/2)"><conditions><condition number="0" type="jump" coverage="50%"/></conditions></line></lines></method></methods><lines><line number="9" hits="71" branch="false"/><line number="10" hits="71" branch="false"/><line number="11" hits="71" branch="false"/><line number="12" hits="71" branch="false"/><line number="14" hits="5350720" branch="false"/><line number="15" hits="5350720" branch="false"/><line number="16" hits="5350720" branch="false"/><line number="17" hits="5350720" branch="false"/><line number="18" hits="5350720" branch="false"/><line number="19" hits="5350720" branch="false"/><line number="20" hits="5350720" branch="false"/><line number="32" hits="44" branch="false"/><line number="33" hits="44" branch="true" condition-coverage="50% (1/2)"><conditions><condition number="0" type="jump" coverage="50%"/></conditions></line></lines></class><class name="term_structures_hpp" filename="include/quant/term_structures.hpp" line-rate="0.8181818181818182" branch-rate="0.625" complexity="0.0"><methods><method name="quant::PiecewiseConstant::PiecewiseConstant" signature="(quant::PiecewiseConstant const&amp;)" line-rate="1.0" branch-rate="1.0" complexity="0.0"><lines><line number="10" hits="9" branch="false"/></lines></method><method name="quant::PiecewiseConstant::operator=" signature="(quant::PiecewiseConstant const&amp;)" line-rate="1.0" branch-rate="1.0" complexity="0.0"><lines/></method><method name="quant::PiecewiseConstant::~PiecewiseConstant" signature="()" line-rate="0.0" branch-rate="1.0" complexity="0.0"><lines><line number="10" hits="0" branch="false"/></lines></method><method name="quant::PiecewiseConstant::value" signature="(double) const" line-rate="0.8888888888888888" branch-rate="0.625" complexity="0.0"><lines><line number="14" hits="736" branch="false"/><line number="15" hits="736" branch="true" condition-coverage="50% (1/2)"><conditions><condition number="0" type="jump" coverage="50%"/></conditions></line><line number="16" hits="0" branch="true" condition-coverage="0% (0/2)"><conditions><condition number="0" type="jump" coverage="0%"/></conditions></line><line number="20" hits="736" branch="true" condition-coverage="100% (2/2)"><conditions><condition number="0" type="jump" coverage="100%"/></conditions></line><line number="21" hits="551" branch="false"/><line number="22" hits="551" branch="false"/><line number="23" hits="551" branch="true" condition-coverage="100% (2/2)"><conditions><condition number="0" type="jump" coverage="100%"/></conditions></line><line number="24" hits="550" branch="false"/><line number="25" hits="736" branch="false"/></lines></method></methods><lines><line number="10" hits="9" branch="false"/><line number="10" hits="0" branch="false"/><line number="14" hits="736" branch="false"/><line number="15" hits="736" branch="true" condition-coverage="50% (1/2)"><conditions><condition number="0" type="jump" coverage="50%"/></conditions></line><line number="16" hits="0" branch="true" condition-coverage="0% (0/2)"><conditions><condition number="0" type="jump" coverage="0%"/></conditions></line><line number="20" hits="736" branch="true" condition-coverage="100% (2/2)"><conditions><condition number="0" type="jump" coverage="100%"/></conditions></line><line number="21" hits="551" branch="false"/><line number="22" hits="551" branch="false"/><line number="23" hits="551" branch="true" condition-coverage="100% (2/2)"><conditions><condition number="0" type="jump" coverage="100%"/></conditions></line><line number="24" hits="550" branch="false"/><line number="25" hits="736" branch="false"/></lines></class><class name="version_hpp" filename="include/quant/version.hpp" line-rate="0.0" branch-rate="0.0" complexity="0.0"><methods><method name="quant::version_string" signature="()" line-rate="0.0" branch-rate="0.0" complexity="0.0"><lines><line number="16" hits="0" branch="false"/><line number="17" hits="0" branch="true" condition-coverage="0% (0/4)"><conditions><condition number="0" type="jump" coverage="0%"/></conditions></line><line number="18" hits="0" branch="true" condition-coverage="0% (0/6)"><conditions><condition number="0" type="jump" coverage="0%"/></conditions></line><line number="19" hits="0" branch="true" condition-coverage="0% (0/2)"><conditions><condition number="0" type="jump" coverage="0%"/></conditions></line><line number="20" hits="0" branch="false"/></lines></method></methods><lines><line number="16" hits="0" branch="false"/><line number="17" hits="0" branch="true" condition-coverage="0% (0/4)"><conditions><condition number="0" type="jump" coverage="0%"/></conditions></line><line number="18" hits="0" branch="true" condition-coverage="0% (0/6)"><conditions><condition number="0" type="jump" coverage="0%"/></conditions></line><line number="19" hits="0" branch="true" condition-coverage="0% (0/2)"><conditions><condition number="0" type="jump" coverage="0%"/></conditions></line><line number="20" hits="0" branch="false"/></lines></class></classes></package><package name="include.quant.qmc" line-rate="1.0" branch-rate="1.0" complexity="0.0"><classes><class name="brownian_bridge_hpp" filename="include/quant/qmc/brownian_bridge.hpp" line-rate="1.0" branch-rate="1.0" complexity="0.0"><methods/><lines/></class><class name="sobol_hpp" filename="include/quant/qmc/sobol.hpp" line-rate="1.0" branch-rate="1.0" complexity="0.0"><methods><method name="quant::qmc::SobolSequence::DirectionRow::DirectionRow" signature="()" line-rate="1.0" branch-rate="1.0" complexity="0.0"><lines><line number="26" hits="32" branch="false"/><line number="27" hits="32" branch="false"/></lines></method></methods><lines><line number="26" hits="32" branch="false"/><line number="27" hits="32" branch="false"/></lines></class></classes></package><package name="src" line-rate="0.8141540291406483" branch-rate="0.4500144885540423" complexity="0.0"><classes><class name="american_cpp" filename="src/american.cpp" line-rate="0.8925619834710744" branch-rate="0.6472491909385113" complexity="0.0"><methods><method name="quant::american::(anonymous namespace)::make_space_grid" signature="(quant::american::PsorParams const&amp;)" line-rate="0.5714285714285714" branch-rate="0.21428571428571427" complexity="0.0"><lines><line number="26" hits="3" branch="false"/><line number="27" hits="3" branch="true" condition-coverage="50% (1/2)"><conditions><condition number="0" type="jump" coverage="50%"/></conditions></line><line number="28" hits="0" branch="true" condition-coverage="0% (0/2)"><conditions><condition number="0" type="jump" coverage="0%"/></conditions></line><line number="30" hits="3" branch="false"/><line number="31" hits="3" branch="false"/><line number="32" hits="3" branch="false"/><line number="33" hits="3" branch="false"/><line number="34" hits="3" branch="false"/><line number="35" hits="3" branch="true" condition-coverage="50% (1/2)"><conditions><condition number="0" type="jump" coverage="50%"/></conditions></line><line number="36" hits="0" branch="false"/><line number="37" hits="0" branch="false"/><line number="38" hits="0" branch="false"/><line number="39" hits="0" branch="true" condition-coverage="0% (0/2)"><conditions><condition number="0" type="jump" coverage="0%"/></conditions></line><line number="40" hits="0" branch="true" condition-coverage="0% (0/2)"><conditions><condition number="0" type="jump" coverage="0%"/></conditions></line><line number="42" hits="0" branch="false"/><line number="43" hits="3" branch="false"/><line number="44" hits="3" branch="false"/><line number="45" hits="3" branch="true" condition-coverage="50% (1/2)"><conditions><condition number="0" type="jump" coverage="50%"/></conditions></line><line number="46" hits="0" branch="true" condition-coverage="0% (0/2)"><conditions><condition number="0" type="jump" coverage="0%"/></conditions></line><line number="49" hits="3" branch="false"/><line number="50" hits="0" branch="false"/></lines></method><method name="quant::american::(anonymous namespace)::intrinsic_value" signature="(quant::OptionType, double, double)" line-rate="1.0" branch-rate="1.0" complexity="0.0"><lines><line number="52" hits="431565" branch="false"/><line number="53" hits="431565" branch="true" condition-coverage="100% (2/2)"><conditions><condition number="0" type="jump" coverage="100%"/></conditions></line><line number="54" hits="2145" branch="false"/><line number="56" hits="429420" branch="false"/><line number="57" hits="431565" branch="false"/></lines></method><method name="quant::american::(anonymous namespace)::build_system" signature="(quant::american::PsorParams const&amp;, quant::grid_utils::SpaceGrid const&amp;, std::__1::vector&lt;double, std::__1::allocator&lt;double&gt;&gt; const&amp;, double, double, double, quant::grid_utils::OperatorWorkspace&amp;)" line-rate="0.9743589743589743" branch-rate="0.5" complexity="0.0"><lines><line number="59" hits="400" branch="false"/><line number="65" hits="400" branch="false"/><line number="66" hits="400" branch="false"/><line number="67" hits="400" branch="true" condition-coverage="50% (1/2)"><conditions><condition number="0" type="jump" coverage="50%"/></conditions></line><line number="68" hits="0" branch="true" condition-coverage="0% (0/2)"><conditions><condition number="0" type="jump" coverage="0%"/></conditions></line><line number="71" hits="2000" branch="false"/><line number="72" hits="400" branch="false"/><line number="73" hits="400" branch="false"/><line number="74" hits="400" branch="false"/><line number="75" hits="400" branch="false"/><line number="77" hits="400" branch="false"/><line number="79" hits="2400" branch="false"/><line number="80" hits="400" branch="false"/><line number="81" hits="400" branch="false"/><line number="82" hits="400" branch="false"/><line number="83" hits="400" branch="false"/><line number="84" hits="400" branch="false"/><line number="87" hits="400" branch="false"/><line number="88" hits="400" branch="false"/><line number="90" hits="400" branch="false"/><line number="91" hits="400" branch="false"/><line number="92" hits="400" branch="true" condition-coverage="50% (1/2)"><conditions><condition number="0" type="jump" coverage="50%"/></conditions></line><line number="93" hits="400" branch="false"/><line number="94" hits="400" branch="false"/><line number="96" hits="400" branch="true" condition-coverage="50% (1/2)"><conditions><condition number="0" type="jump" coverage="50%"/></conditions></line><line number="97" hits="400" branch="true" condition-coverage="75% (3/4)"><conditions><condition number="0" type="jump" coverage="75%"/></conditions></line><line number="98" hits="120" branch="false"/><line number="99" hits="120" branch="false"/><line number="100" hits="120" branch="false"/><line number="101" hits="120" branch="false"/><line number="102" hits="280" branch="false"/><line number="103" hits="280" branch="false"/><line number="104" hits="280" branch="true" condition-coverage="50% (1/2)"><conditions><condition number="0" type="jump" coverage="50%"/></conditions></line><line number="105" hits="280" branch="false"/><line number="106" hits="280" branch="false"/><line number="107" hits="280" branch="false"/><line number="108" hits="280" branch="false"/><line number="110" hits="400" branch="false"/><line number="111" hits="400" branch="false"/></lines></method><method name="quant::american::(anonymous namespace)::interpolate_price" signature="(std::__1::vector&lt;double, std::__1::allocator&lt;double&gt;&gt; const&amp;, std::__1::vector&lt;double, std::__1::allocator&lt;double&gt;&gt; const&amp;, double)" line-rate="0.8" branch-rate="0.5" complexity="0.0"><lines><line number="113" hits="3" branch="false"/><line number="115" hits="3" branch="false"/><line number="116" hits="3" branch="false"/><line number="117" hits="3" branch="true" condition-coverage="50% (1/2)"><conditions><condition number="0" type="jump" coverage="50%"/></conditions></line><line number="118" hits="0" branch="false"/><line number="120" hits="3" branch="true" condition-coverage="50% (1/2)"><conditions><condition number="0" type="jump" coverage="50%"/></conditions></line><line number="121" hits="0" branch="false"/><line number="123" hits="3" branch="true" condition-coverage="50% (1/2)"><conditions><condition number="0" type="jump" coverage="50%"/></conditions></line><line number="124" hits="0" branch="false"/><line number="126" hits="3" branch="false"/><line number="127" hits="3" branch="false"/><line number="128" hits="3" branch="true" condition-coverage="50% (1/2)"><conditions><condition number="0" type="jump" coverage="50%"/></conditions></line><line number="129" hits="0" branch="false"/><line number="131" hits="3" branch="false"/><line number="132" hits="3" branch="false"/><line number="133" hits="3" branch="false"/><line number="134" hits="3" branch="false"/><line number="135" hits="3" branch="false"/><line number="136" hits="3" branch="false"/><line number="137" hits="3" branch="false"/></lines></method><method name="quant::american::(anonymous namespace)::polynomial_features" signature="(double)" line-rate="1.0" branch-rate="1.0" complexity="0.0"><lines><line number="139" hits="41674" branch="false"/><line number="140" hits="41674" branch="false"/><line number="141" hits="41674" branch="false"/></lines></method><method name="quant::american::(anonymous namespace)::NormalEquations::NormalEquations" signature="()" line-rate="1.0" branch-rate="1.0" complexity="0.0"><lines><line number="144" hits="70" branch="false"/><line number="145" hits="70" branch="false"/><line number="146" hits="70" branch="false"/></lines></method><method name="quant::american::(anonymous namespace)::NormalEquations::add" signature="(std::__1::array&lt;double, 4ul&gt; const&amp;, double)" line-rate="1.0" branch-rate="1.0" complexity="0.0"><lines><line number="148" hits="41674" branch="false"/><line number="149" hits="208370" branch="true" condition-coverage="100% (2/2)"><conditions><condition number="0" type="jump" coverage="100%"/></conditions></line><line number="150" hits="166696" branch="false"/><line number="151" hits="583436" branch="true" condition-coverage="100% (2/2)"><conditions><condition number="0" type="jump" coverage="100%"/></conditions></line><line number="152" hits="416740" branch="false"/><line number="153" hits="416740" branch="false"/><line number="154" hits="166696" branch="false"/><line number="155" hits="41674" branch="false"/></lines></method><method name="quant::american::(anonymous namespace)::NormalEquations::symmetrize" signature="()" line-rate="1.0" branch-rate="1.0" complexity="0.0"><lines><line number="157" hits="60" branch="false"/><line number="158" hits="300" branch="true" condition-coverage="100% (2/2)"><conditions><condition number="0" type="jump" coverage="100%"/></conditions></line><line number="159" hits="600" branch="true" condition-coverage="100% (2/2)"><conditions><condition number="0" type="jump" coverage="100%"/></conditions></line><line number="160" hits="360" branch="false"/><line number="161" hits="360" branch="false"/><line number="162" hits="240" branch="false"/><line number="163" hits="60" branch="false"/><line number="167" hits="130" branch="false"/></lines></method><method name="quant::american::(anonymous namespace)::(anonymous namespace)::mat_vec" signature="(double const (*) [4], std::__1::array&lt;double, 4ul&gt; const&amp;)" line-rate="1.0" branch-rate="1.0" complexity="0.0"><lines><line number="174" hits="636" branch="false"/><line number="175" hits="636" branch="false"/><line number="176" hits="3180" branch="true" condition-coverage="100% (2/2)"><conditions><condition number="0" type="jump" coverage="100%"/></conditions></line><line number="177" hits="2544" branch="false"/><line number="178" hits="12720" branch="true" condition-coverage="100% (2/2)"><conditions><condition number="0" type="jump" coverage="100%"/></conditions></line><line number="179" hits="10176" branch="false"/><line number="180" hits="10176" branch="false"/><line number="181" hits="2544" branch="false"/><line number="182" hits="2544" branch="false"/><line number="183" hits="636" branch="false"/></lines></method><method name="quant::american::(anonymous namespace)::(anonymous namespace)::dot" signature="(std::__1::array&lt;double, 4ul&gt; const&amp;, std::__1::array&lt;double, 4ul&gt; const&amp;)" line-rate="1.0" branch-rate="1.0" complexity="0.0"><lines><line number="186" hits="922" branch="false"/><line number="187" hits="922" branch="false"/><line number="188" hits="4610" branch="true" condition-coverage="100% (2/2)"><conditions><condition number="0" type="jump" coverage="100%"/></conditions></line><line number="189" hits="3688" branch="false"/><line number="190" hits="3688" branch="false"/><line number="191" hits="922" branch="false"/></lines></method><method name="quant::american::(anonymous namespace)::(anonymous namespace)::normalize" signature="(std::__1::array&lt;double, 4ul&gt;&amp;)" line-rate="1.0" branch-rate="0.75" complexity="0.0"><lines><line number="194" hits="521" branch="false"/><line number="195" hits="521" branch="false"/><line number="196" hits="521" branch="false"/><line number="197" hits="521" branch="true" condition-coverage="50% (1/2)"><conditions><condition number="0" type="jump" coverage="50%"/></conditions></line><line number="198" hits="2605" branch="true" condition-coverage="100% (2/2)"><conditions><condition number="0" type="jump" coverage="100%"/></conditions></line><line number="199" hits="2084" branch="false"/><line number="201" hits="521" branch="false"/><line number="202" hits="521" branch="false"/></lines></method><method name="quant::american::(anonymous namespace)::(anonymous namespace)::solve_linear_system" signature="(double const (*) [4], double const*, double*)" line-rate="0.8095238095238095" branch-rate="0.8076923076923077" complexity="0.0"><lines><line number="205" hits="226" branch="false"/><line number="207" hits="1130" branch="true" condition-coverage="100% (2/2)"><conditions><condition number="0" type="jump" coverage="100%"/></conditions></line><line number="208" hits="4520" branch="true" condition-coverage="100% (2/2)"><conditions><condition number="0" type="jump" coverage="100%"/></conditions></line><line number="209" hits="3616" branch="false"/><line number="210" hits="3616" branch="false"/><line number="211" hits="904" branch="false"/><line number="212" hits="904" branch="false"/><line number="213" hits="1130" branch="true" condition-coverage="100% (2/2)"><conditions><condition number="0" type="jump" coverage="100%"/></conditions></line><line number="214" hits="904" branch="false"/><line number="215" hits="904" branch="false"/><line number="216" hits="2260" branch="true" condition-coverage="100% (2/2)"><conditions><condition number="0" type="jump" coverage="100%"/></conditions></line><line number="217" hits="1356" branch="false"/><line number="218" hits="1356" branch="true" condition-coverage="50% (1/2)"><conditions><condition number="0" type="jump" coverage="50%"/></conditions></line><line number="219" hits="0" branch="false"/><line number="220" hits="0" branch="false"/><line number="221" hits="0" branch="false"/><line number="222" hits="1356" branch="false"/><line number="223" hits="904" branch="true" condition-coverage="50% (1/2)"><conditions><condition number="0" type="jump" coverage="50%"/></conditions></line><line number="224" hits="0" branch="false"/><line number="226" hits="904" branch="true" condition-coverage="50% (1/2)"><conditions><condition number="0" type="jump" coverage="50%"/></conditions></line><line number="227" hits="0" branch="true" condition-coverage="0% (0/2)"><conditions><condition number="0" type="jump" coverage="0%"/></conditions></line><line number="228" hits="0" branch="false"/><line number="229" hits="0" branch="false"/><line number="230" hits="0" branch="false"/><line number="231" hits="904" branch="false"/><line number="232" hits="4068" branch="true" condition-coverage="100% (2/2)"><conditions><condition number="0" type="jump" coverage="100%"/></conditions></line><line number="233" hits="3164" branch="false"/><line number="234" hits="3164" branch="false"/><line number="235" hits="4520" branch="true" condition-coverage="100% (2/2)"><conditions><condition number="0" type="jump" coverage="100%"/></conditions></line><line number="236" hits="3616" branch="true" condition-coverage="100% (2/2)"><conditions><condition number="0" type="jump" coverage="100%"/></conditions></line><line number="237" hits="904" branch="false"/><line number="239" hits="2712" branch="false"/><line number="240" hits="12204" branch="true" condition-coverage="100% (2/2)"><conditions><condition number="0" type="jump" coverage="100%"/></conditions></line><line number="241" hits="9492" branch="false"/><line number="242" hits="9492" branch="false"/><line number="243" hits="2712" branch="false"/><line number="244" hits="904" branch="false"/><line number="245" hits="1130" branch="true" condition-coverage="100% (2/2)"><conditions><condition number="0" type="jump" coverage="100%"/></conditions></line><line number="246" hits="904" branch="false"/><line number="247" hits="904" branch="false"/><line number="248" hits="226" branch="false"/><line number="249" hits="226" branch="false"/></lines></method><method name="quant::american::(anonymous namespace)::(anonymous namespace)::rayleigh_quotient" signature="(double const (*) [4], std::__1::array&lt;double, 4ul&gt; const&amp;)" line-rate="1.0" branch-rate="1.0" complexity="0.0"><lines><line number="251" hits="401" branch="false"/><line number="252" hits="401" branch="false"/><line number="253" hits="401" branch="false"/></lines></method><method name="quant::american::(anonymous namespace)::(anonymous namespace)::largest_eigenvalue" signature="(double const (*) [4])" line-rate="0.9444444444444444" branch-rate="0.6666666666666666" complexity="0.0"><lines><line number="256" hits="60" branch="false"/><line number="257" hits="60" branch="false"/><line number="258" hits="60" branch="false"/><line number="259" hits="60" branch="false"/><line number="260" hits="235" branch="true" condition-coverage="50% (1/2)"><conditions><condition number="0" type="jump" coverage="50%"/></conditions></line><line number="261" hits="235" branch="false"/><line number="262" hits="235" branch="false"/><line number="263" hits="235" branch="true" condition-coverage="50% (1/2)"><conditions><condition number="0" type="jump" coverage="50%"/></conditions></line><line number="264" hits="0" branch="false"/><line number="266" hits="235" branch="false"/><line number="267" hits="235" branch="true" condition-coverage="100% (2/2)"><conditions><condition number="0" type="jump" coverage="100%"/></conditions></line><line number="268" hits="60" branch="false"/><line number="269" hits="60" branch="false"/><line number="271" hits="175" branch="false"/><line number="272" hits="175" branch="false"/><line number="273" hits="175" branch="false"/><line number="274" hits="60" branch="false"/><line number="275" hits="60" branch="false"/></lines></method><method name="quant::american::(anonymous namespace)::(anonymous namespace)::smallest_eigenvalue" signature="(double const (*) [4])" line-rate="0.9090909090909091" branch-rate="0.625" complexity="0.0"><lines><line number="277" hits="60" branch="false"/><line number="278" hits="60" branch="false"/><line number="279" hits="60" branch="false"/><line number="280" hits="60" branch="false"/><line number="281" hits="166" branch="true" condition-coverage="50% (1/2)"><conditions><condition number="0" type="jump" coverage="50%"/></conditions></line><line number="282" hits="166" branch="false"/><line number="283" hits="166" branch="false"/><line number="284" hits="166" branch="true" condition-coverage="50% (1/2)"><conditions><condition number="0" type="jump" coverage="50%"/></conditions></line><line number="285" hits="0" branch="false"/><line number="287" hits="166" branch="false"/><line number="288" hits="166" branch="false"/><line number="289" hits="166" branch="true" condition-coverage="50% (1/2)"><conditions><condition number="0" type="jump" coverage="50%"/></conditions></line><line number="290" hits="0" branch="false"/><line number="292" hits="166" branch="false"/><line number="293" hits="166" branch="true" condition-coverage="100% (2/2)"><conditions><condition number="0" type="jump" coverage="100%"/></conditions></line><line number="294" hits="60" branch="false"/><line number="295" hits="60" branch="false"/><line number="297" hits="106" branch="false"/><line number="298" hits="106" branch="false"/><line number="299" hits="106" branch="false"/><line number="300" hits="60" branch="false"/><line number="301" hits="60" branch="false"/></lines></method><method name="quant::american::(anonymous namespace)::(anonymous namespace)::compute_condition_number" signature="(double const (*) [4])" line-rate="0.8571428571428571" branch-rate="0.75" complexity="0.0"><lines><line number="303" hits="60" branch="false"/><line number="305" hits="300" branch="true" condition-coverage="100% (2/2)"><conditions><condition number="0" type="jump" coverage="100%"/></conditions></line><line number="306" hits="1200" branch="true" condition-coverage="100% (2/2)"><conditions><condition number="0" type="jump" coverage="100%"/></conditions></line><line number="307" hits="960" branch="false"/><line number="308" hits="960" branch="false"/><line number="309" hits="240" branch="false"/><line number="310" hits="60" branch="false"/><line number="311" hits="60" branch="true" condition-coverage="50% (1/2)"><conditions><condition number="0" type="jump" coverage="50%"/></conditions></line><line number="312" hits="0" branch="false"/><line number="314" hits="60" branch="false"/><line number="315" hits="60" branch="true" condition-coverage="50% (1/2)"><conditions><condition number="0" type="jump" coverage="50%"/></conditions></line><line number="316" hits="0" branch="false"/><line number="318" hits="60" branch="false"/><line number="319" hits="60" branch="false"/></lines></method><method name="quant::american::(anonymous namespace)::(anonymous namespace)::solve_normal_equations" signature="(quant::american::(anonymous namespace)::NormalEquations, double)" line-rate="0.9473684210526315" branch-rate="0.875" complexity="0.0"><lines><line number="321" hits="60" branch="false"/><line number="322" hits="60" branch="false"/><line number="323" hits="300" branch="true" condition-coverage="100% (2/2)"><conditions><condition number="0" type="jump" coverage="100%"/></conditions></line><line number="324" hits="240" branch="false"/><line number="325" hits="240" branch="false"/><line number="327" hits="120" branch="false"/><line number="328" hits="60" branch="false"/><line number="331" hits="300" branch="true" condition-coverage="100% (2/2)"><conditions><condition number="0" type="jump" coverage="100%"/></conditions></line><line number="332" hits="240" branch="false"/><line number="333" hits="240" branch="false"/><line number="335" hits="60" branch="false"/><line number="336" hits="60" branch="true" condition-coverage="50% (1/2)"><conditions><condition number="0" type="jump" coverage="50%"/></conditions></line><line number="337" hits="300" branch="true" condition-coverage="100% (2/2)"><conditions><condition number="0" type="jump" coverage="100%"/></conditions></line><line number="338" hits="240" branch="false"/><line number="339" hits="240" branch="false"/><line number="340" hits="60" branch="false"/><line number="341" hits="60" branch="false"/><line number="342" hits="0" branch="false"/><line number="344" hits="60" branch="false"/></lines></method><method name="quant::american::price_binomial_crr" signature="(quant::american::Params const&amp;, int)" line-rate="0.9230769230769231" branch-rate="0.55" complexity="0.0"><lines><line number="351" hits="2" branch="false"/><line number="352" hits="2" branch="true" condition-coverage="50% (1/2)"><conditions><condition number="0" type="jump" coverage="50%"/></conditions></line><line number="353" hits="0" branch="true" condition-coverage="0% (0/2)"><conditions><condition number="0" type="jump" coverage="0%"/></conditions></line><line number="355" hits="2" branch="false"/><line number="356" hits="2" branch="false"/><line number="357" hits="2" branch="false"/><line number="358" hits="2" branch="false"/><line number="359" hits="2" branch="false"/><line number="360" hits="2" branch="false"/><line number="361" hits="2" branch="true" condition-coverage="50% (1/2)"><conditions><condition number="0" type="jump" coverage="50%"/></conditions></line><line number="362" hits="0" branch="true" condition-coverage="0% (0/2)"><conditions><condition number="0" type="jump" coverage="0%"/></conditions></line><line number="364" hits="2" branch="false"/><line number="365" hits="324" branch="true" condition-coverage="100% (2/2)"><conditions><condition number="0" type="jump" coverage="100%"/></conditions></line><line number="366" hits="322" branch="false"/><line number="367" hits="322" branch="true" condition-coverage="50% (1/2)"><conditions><condition number="0" type="jump" coverage="50%"/></conditions></line><line number="368" hits="322" branch="false"/><line number="369" hits="322" branch="true" condition-coverage="100% (2/2)"><conditions><condition number="0" type="jump" coverage="100%"/></conditions></line><line number="370" hits="35296" branch="true" condition-coverage="100% (2/2)"><conditions><condition number="0" type="jump" coverage="100%"/></conditions></line><line number="371" hits="34976" branch="false"/><line number="372" hits="34976" branch="false"/><line number="373" hits="34976" branch="true" condition-coverage="50% (1/2)"><conditions><condition number="0" type="jump" coverage="50%"/></conditions></line><line number="374" hits="34976" branch="true" condition-coverage="50% (1/2)"><conditions><condition number="0" type="jump" coverage="50%"/></conditions></line><line number="375" hits="34976" branch="false"/><line number="376" hits="320" branch="false"/><line number="377" hits="2" branch="false"/><line number="378" hits="2" branch="false"/></lines></method><method name="quant::american::price_psor" signature="(quant::american::PsorParams const&amp;)" line-rate="0.9285714285714286" branch-rate="0.5777777777777777" complexity="0.0"><lines><line number="380" hits="3" branch="false"/><line number="381" hits="3" branch="true" condition-coverage="50% (1/2)"><conditions><condition number="0" type="jump" coverage="50%"/></conditions></line><line number="382" hits="0" branch="true" condition-coverage="0% (0/2)"><conditions><condition number="0" type="jump" coverage="0%"/></conditions></line><line number="384" hits="3" branch="true" condition-coverage="50% (1/2)"><conditions><condition number="0" type="jump" coverage="50%"/></conditions></line><line number="385" hits="0" branch="true" condition-coverage="0% (0/2)"><conditions><condition number="0" type="jump" coverage="0%"/></conditions></line><line number="387" hits="3" branch="false"/><line number="388" hits="3" branch="false"/><line number="389" hits="3" branch="true" condition-coverage="50% (1/2)"><conditions><condition number="0" type="jump" coverage="50%"/></conditions></line><line number="390" hits="3" branch="true" condition-coverage="50% (1/2)"><conditions><condition number="0" type="jump" coverage="50%"/></conditions></line><line number="391" hits="365" branch="true" condition-coverage="100% (2/2)"><conditions><condition number="0" type="jump" coverage="100%"/></conditions></line><line number="392" hits="362" branch="true" condition-coverage="50% (1/2)"><conditions><condition number="0" type="jump" coverage="50%"/></conditions></line><line number="393" hits="362" branch="false"/><line number="394" hits="362" branch="false"/><line number="396" hits="3" branch="false"/><line number="397" hits="3" branch="false"/><line number="398" hits="3" branch="false"/><line number="399" hits="3" branch="true" condition-coverage="50% (2/4)"><conditions><condition number="0" type="jump" coverage="50%"/></conditions></line><line number="401" hits="3" branch="false"/><line number="402" hits="3" branch="false"/><line number="404" hits="403" branch="true" condition-coverage="100% (2/2)"><conditions><condition number="0" type="jump" coverage="100%"/></conditions></line><line number="405" hits="400" branch="false"/><line number="406" hits="400" branch="false"/><line number="407" hits="400" branch="true" condition-coverage="50% (1/2)"><conditions><condition number="0" type="jump" coverage="50%"/></conditions></line><line number="409" hits="400" branch="true" condition-coverage="50% (1/2)"><conditions><condition number="0" type="jump" coverage="50%"/></conditions></line><line number="410" hits="400" branch="false"/><line number="411" hits="400" branch="false"/><line number="413" hits="400" branch="false"/><line number="414" hits="11852" branch="true" condition-coverage="50% (1/2)"><conditions><condition number="0" type="jump" coverage="50%"/></conditions></line><line number="415" hits="11852" branch="false"/><line number="416" hits="11852" branch="true" condition-coverage="50% (1/2)"><conditions><condition number="0" type="jump" coverage="50%"/></conditions></line><line number="417" hits="1555508" branch="true" condition-coverage="100% (2/2)"><conditions><condition number="0" type="jump" coverage="100%"/></conditions></line><line number="418" hits="1543656" branch="false"/><line number="419" hits="1543656" branch="false"/><line number="420" hits="1543656" branch="false"/><line number="421" hits="1543656" branch="false"/><line number="422" hits="1543656" branch="false"/><line number="423" hits="1543656" branch="false"/><line number="424" hits="1543656" branch="true" condition-coverage="100% (2/2)"><conditions><condition number="0" type="jump" coverage="100%"/></conditions></line><line number="425" hits="450510" branch="false"/><line number="426" hits="450510" branch="false"/><line number="427" hits="1543656" branch="true" condition-coverage="50% (1/2)"><conditions><condition number="0" type="jump" coverage="50%"/></conditions></line><line number="428" hits="1543656" branch="false"/><line number="429" hits="1543656" branch="false"/><line number="430" hits="11852" branch="true" condition-coverage="100% (2/2)"><conditions><condition number="0" type="jump" coverage="100%"/></conditions></line><line number="431" hits="400" branch="false"/><line number="432" hits="400" branch="false"/><line number="434" hits="11452" branch="true" condition-coverage="50% (1/2)"><conditions><condition number="0" type="jump" coverage="50%"/></conditions></line><line number="435" hits="0" branch="false"/><line number="436" hits="0" branch="false"/><line number="437" hits="11852" branch="true" condition-coverage="66% (2/3)"><conditions><condition number="0" type="jump" coverage="66%"/></conditions></line><line number="438" hits="400" branch="false"/><line number="439" hits="400" branch="false"/><line number="440" hits="400" branch="false"/><line number="442" hits="3" branch="true" condition-coverage="50% (1/2)"><conditions><condition number="0" type="jump" coverage="50%"/></conditions></line><line number="443" hits="3" branch="false"/><line number="444" hits="3" branch="false"/></lines></method><method name="quant::american::price_lsmc" signature="(quant::american::LsmcParams const&amp;)" line-rate="0.9574468085106383" branch-rate="0.6590909090909091" complexity="0.0"><lines><line number="446" hits="2" branch="false"/><line number="447" hits="2" branch="true" condition-coverage="50% (1/2)"><conditions><condition number="0" type="jump" coverage="50%"/></conditions></line><line number="448" hits="0" branch="true" condition-coverage="0% (0/2)"><conditions><condition number="0" type="jump" coverage="0%"/></conditions></line><line number="450" hits="2" branch="true" condition-coverage="50% (1/2)"><conditions><condition number="0" type="jump" coverage="50%"/></conditions></line><line number="451" hits="0" branch="true" condition-coverage="0% (0/2)"><conditions><condition number="0" type="jump" coverage="0%"/></conditions></line><line number="453" hits="2" branch="true" condition-coverage="50% (1/2)"><conditions><condition number="0" type="jump" coverage="50%"/></conditions></line><line number="454" hits="0" branch="true" condition-coverage="0% (0/2)"><conditions><condition number="0" type="jump" coverage="0%"/></conditions></line><line number="457" hits="2" branch="false"/><line number="458" hits="2" branch="false"/><line number="459" hits="2" branch="false"/><line number="460" hits="2" branch="false"/><line number="461" hits="2" branch="false"/><line number="463" hits="2" branch="false"/><line number="464" hits="2" branch="false"/><line number="465" hits="2" branch="false"/><line number="466" hits="2" branch="true" condition-coverage="100% (2/2)"><conditions><condition number="0" type="jump" coverage="100%"/></conditions></line><line number="467" hits="2" branch="true" condition-coverage="50% (1/2)"><conditions><condition number="0" type="jump" coverage="50%"/></conditions></line><line number="468" hits="0" branch="true" condition-coverage="0% (0/2)"><conditions><condition number="0" type="jump" coverage="0%"/></conditions></line><line number="471" hits="2" branch="true" condition-coverage="100% (2/2)"><conditions><condition number="0" type="jump" coverage="100%"/></conditions></line><line number="472" hits="2" branch="false"/><line number="473" hits="2" branch="true" condition-coverage="50% (1/2)"><conditions><condition number="0" type="jump" coverage="50%"/></conditions></line><line number="474" hits="2" branch="true" condition-coverage="50% (1/2)"><conditions><condition number="0" type="jump" coverage="50%"/></conditions></line><line number="476" hits="2" branch="true" condition-coverage="50% (1/2)"><conditions><condition number="0" type="jump" coverage="50%"/></conditions></line><line number="477" hits="2" branch="true" condition-coverage="50% (1/2)"><conditions><condition number="0" type="jump" coverage="50%"/></conditions></line><line number="479" hits="74" branch="true" condition-coverage="100% (2/2)"><conditions><condition number="0" type="jump" coverage="100%"/></conditions></line><line number="480" hits="72" branch="false"/><line number="481" hits="72" branch="true" condition-coverage="100% (2/2)"><conditions><condition number="0" type="jump" coverage="100%"/></conditions></line><line number="482" hits="64032" branch="true" condition-coverage="100% (2/2)"><conditions><condition number="0" type="jump" coverage="100%"/></conditions></line><line number="483" hits="64000" branch="true" condition-coverage="50% (1/2)"><conditions><condition number="0" type="jump" coverage="50%"/></conditions></line><line number="484" hits="64000" branch="false"/><line number="485" hits="64000" branch="false"/><line number="486" hits="64000" branch="false"/><line number="487" hits="32" branch="false"/><line number="488" hits="320040" branch="true" condition-coverage="100% (2/2)"><conditions><condition number="0" type="jump" coverage="100%"/></conditions></line><line number="489" hits="320000" branch="true" condition-coverage="50% (1/2)"><conditions><condition number="0" type="jump" coverage="50%"/></conditions></line><line number="490" hits="320000" branch="false"/><line number="491" hits="320000" branch="false"/><line number="492" hits="320000" branch="false"/><line number="493" hits="320000" branch="false"/><line number="494" hits="320000" branch="false"/><line number="495" hits="320000" branch="false"/><line number="496" hits="320000" branch="false"/><line number="498" hits="72" branch="false"/><line number="499" hits="72" branch="false"/><line number="501" hits="2" branch="true" condition-coverage="50% (1/2)"><conditions><condition number="0" type="jump" coverage="50%"/></conditions></line><line number="502" hits="2" branch="true" condition-coverage="50% (1/2)"><conditions><condition number="0" type="jump" coverage="50%"/></conditions></line><line number="504" hits="2" branch="true" condition-coverage="50% (1/2)"><conditions><condition number="0" type="jump" coverage="50%"/></conditions></line><line number="505" hits="2" branch="true" condition-coverage="50% (1/2)"><conditions><condition number="0" type="jump" coverage="50%"/></conditions></line><line number="507" hits="18002" branch="true" condition-coverage="100% (2/2)"><conditions><condition number="0" type="jump" coverage="100%"/></conditions></line><line number="508" hits="18000" branch="true" condition-coverage="50% (1/2)"><conditions><condition number="0" type="jump" coverage="50%"/></conditions></line><line number="509" hits="18000" branch="false"/><line number="511" hits="2" branch="false"/><line number="512" hits="2" branch="false"/><line number="513" hits="2" branch="false"/><line number="514" hits="2" branch="true" condition-coverage="50% (2/4)"><conditions><condition number="0" type="jump" coverage="50%"/></conditions></line><line number="515" hits="2" branch="true" condition-coverage="50% (1/2)"><conditions><condition number="0" type="jump" coverage="50%"/></conditions></line><line number="516" hits="2" branch="true" condition-coverage="50% (1/2)"><conditions><condition number="0" type="jump" coverage="50%"/></conditions></line><line number="518" hits="72" branch="true" condition-coverage="100% (2/2)"><conditions><condition number="0" type="jump" coverage="100%"/></conditions></line><line number="522" hits="686070" branch="true" condition-coverage="100% (2/2)"><conditions><condition number="0" type="jump" coverage="100%"/></conditions></line><line number="523" hits="686000" branch="false"/><line number="524" hits="686000" branch="false"/><line number="526" hits="70" branch="false"/><line number="527" hits="70" branch="true" condition-coverage="100% (2/2)"><conditions><condition number="0" type="jump" coverage="100%"/></conditions></line><line number="528" hits="62031" branch="true" condition-coverage="100% (2/2)"><conditions><condition number="0" type="jump" coverage="100%"/></conditions></line><line number="529" hits="62000" branch="false"/><line number="530" hits="62000" branch="false"/><line number="531" hits="62000" branch="false"/><line number="532" hits="62000" branch="false"/><line number="533" hits="31" branch="false"/><line number="534" hits="312039" branch="true" condition-coverage="100% (2/2)"><conditions><condition number="0" type="jump" coverage="100%"/></conditions></line><line number="535" hits="312000" branch="false"/><line number="536" hits="312000" branch="false"/><line number="537" hits="312000" branch="false"/><line number="538" hits="312000" branch="false"/><line number="539" hits="312000" branch="false"/><line number="540" hits="312000" branch="false"/><line number="541" hits="312000" branch="false"/><line number="544" hits="70" branch="false"/><line number="545" hits="70" branch="false"/><line number="546" hits="70" branch="false"/><line number="548" hits="686070" branch="true" condition-coverage="100% (2/2)"><conditions><condition number="0" type="jump" coverage="100%"/></conditions></line><line number="549" hits="686000" branch="true" condition-coverage="100% (2/2)"><conditions><condition number="0" type="jump" coverage="100%"/></conditions></line><line number="550" hits="495220" branch="false"/><line number="552" hits="190780" branch="false"/><line number="553" hits="190780" branch="true" condition-coverage="50% (1/2)"><conditions><condition number="0" type="jump" coverage="50%"/></conditions></line><line number="554" hits="190780" branch="false"/><line number="555" hits="190780" branch="true" condition-coverage="100% (2/2)"><conditions><condition number="0" type="jump" coverage="100%"/></conditions></line><line number="556" hits="41674" branch="false"/><line number="557" hits="41674" branch="false"/><line number="558" hits="190780" branch="true" condition-coverage="75% (3/4)"><conditions><condition number="0" type="jump" coverage="75%"/></conditions></line><line number="559" hits="41674" branch="true" condition-coverage="50% (2/4)"><conditions><condition number="0" type="jump" coverage="50%"/></conditions></line><line number="560" hits="41674" branch="false"/><line number="561" hits="41674" branch="false"/><line number="562" hits="190780" branch="false"/><line number="564" hits="140" branch="false"/><line number="565" hits="70" branch="true" condition-coverage="75% (3/4)"><conditions><condition number="0" type="jump" coverage="75%"/></conditions></line><line number="566" hits="70" branch="true" condition-coverage="100% (2/2)"><conditions><condition number="0" type="jump" coverage="100%"/></conditions></line><line number="567" hits="60" branch="true" condition-coverage="50% (1/2)"><conditions><condition number="0" type="jump" coverage="50%"/></conditions></line><line number="568" hits="60" branch="true" condition-coverage="50% (3/6)"><conditions><condition number="0" type="jump" coverage="50%"/></conditions></line><line number="569" hits="0" branch="false"/><line number="570" hits="0" branch="false"/><line number="571" hits="60" branch="false"/><line number="573" hits="70" branch="true" condition-coverage="75% (3/4)"><conditions><condition number="0" type="jump" coverage="75%"/></conditions></line><line number="574" hits="70" branch="true" condition-coverage="50% (1/2)"><conditions><condition number="0" type="jump" coverage="50%"/></conditions></line><line number="575" hits="70" branch="true" condition-coverage="50% (1/2)"><conditions><condition number="0" type="jump" coverage="50%"/></conditions></line><line number="577" hits="70" branch="true" condition-coverage="75% (3/4)"><conditions><condition number="0" type="jump" coverage="75%"/></conditions></line><line number="578" hits="60" branch="false"/><line number="582" hits="666060" branch="true" condition-coverage="100% (2/2)"><conditions><condition number="0" type="jump" coverage="100%"/></conditions></line><line number="583" hits="666000" branch="true" condition-coverage="100% (2/2)"><conditions><condition number="0" type="jump" coverage="100%"/></conditions></line><line number="584" hits="478875" branch="false"/><line number="586" hits="187125" branch="false"/><line number="587" hits="187125" branch="true" condition-coverage="50% (1/2)"><conditions><condition number="0" type="jump" coverage="50%"/></conditions></line><line number="588" hits="187125" branch="true" condition-coverage="100% (2/2)"><conditions><condition number="0" type="jump" coverage="100%"/></conditions></line><line number="589" hits="145709" branch="false"/><line number="591" hits="41416" branch="false"/><line number="592" hits="41416" branch="false"/><line number="593" hits="41416" branch="true" condition-coverage="100% (2/2)"><conditions><condition number="0" type="jump" coverage="100%"/></conditions></line><line number="594" hits="17571" branch="false"/><line number="595" hits="17571" branch="false"/><line number="596" hits="17571" branch="false"/><line number="597" hits="41416" branch="false"/><line number="598" hits="60" branch="false"/><line number="600" hits="70" branch="false"/><line number="601" hits="70" branch="false"/><line number="603" hits="2" branch="false"/><line number="604" hits="2" branch="false"/><line number="605" hits="18002" branch="true" condition-coverage="100% (2/2)"><conditions><condition number="0" type="jump" coverage="100%"/></conditions></line><line number="606" hits="18000" branch="false"/><line number="607" hits="18000" branch="false"/><line number="608" hits="18000" branch="false"/><line number="609" hits="18000" branch="false"/><line number="610" hits="2" branch="false"/><line number="611" hits="2" branch="false"/><line number="612" hits="2" branch="true" condition-coverage="50% (1/2)"><conditions><condition number="0" type="jump" coverage="50%"/></conditions></line><line number="613" hits="2" branch="false"/><line number="615" hits="2" branch="true" condition-coverage="50% (1/2)"><conditions><condition number="0" type="jump" coverage="50%"/></conditions></line><line number="616" hits="2" branch="true" condition-coverage="50% (1/2)"><conditions><condition number="0" type="jump" coverage="50%"/></conditions></line><line number="617" hits="2" branch="true" condition-coverage="50% (1/2)"><conditions><condition number="0" type="jump" coverage="50%"/></conditions></line><line number="619" hits="2" branch="false"/><line number="620" hits="2" branch="false"/><line number="621" hits="2" branch="false"/></lines></method><method name="quant::american::greeks_psor_bump" signature="(quant::american::PsorParams, double)" line-rate="0.0" branch-rate="1.0" complexity="0.0"><lines><line number="627" hits="0" branch="false"/><line number="628" hits="0" branch="false"/><line number="629" hits="0" branch="false"/><line number="630" hits="0" branch="false"/><line number="631" hits="0" branch="false"/><line number="632" hits="0" branch="false"/><line number="633" hits="0" branch="false"/><line number="634" hits="0" branch="false"/><line number="635" hits="0" branch="false"/><line number="636" hits="0" branch="false"/><line number="637" hits="0" branch="false"/><line number="638" hits="0" branch="false"/></lines></method></methods><lines><line number="26" hits="3" branch="false"/><line number="27" hits="3" branch="true" condition-coverage="50% (1/2)"><conditions><condition number="0" type="jump" coverage="50%"/></conditions></line><line number="28" hits="0" branch="true" condition-coverage="0% (0/2)"><conditions><condition number="0" type="jump" coverage="0%"/></conditions></line><line number="30" hits="3" branch="false"/><line number="31" hits="3" branch="false"/><line number="32" hits="3" branch="false"/><line number="33" hits="3" branch="false"/><line number="34" hits="3" branch="false"/><line number="35" hits="3" branch="true" condition-coverage="50% (1/2)"><conditions><condition number="0" type="jump" coverage="50%"/></conditions></line><line number="36" hits="0" branch="false"/><line number="37" hits="0" branch="false"/><line number="38" hits="0" branch="false"/><line number="39" hits="0" branch="true" condition-coverage="0% (0/2)"><conditions><condition number="0" type="jump" coverage="0%"/></conditions></line><line number="40" hits="0" branch="true" condition-coverage="0% (0/2)"><conditions><condition number="0" type="jump" coverage="0%"/></conditions></line><line number="42" hits="0" branch="false"/><line number="43" hits="3" branch="false"/><line number="44" hits="3" branch="false"/><line number="45" hits="3" branch="true" condition-coverage="50% (1/2)"><conditions><condition number="0" type="jump" coverage="50%"/></conditions></line><line number="46" hits="0" branch="true" condition-coverage="0% (0/2)"><conditions><condition number="0" type="jump" coverage="0%"/></conditions></line><line number="49" hits="3" branch="false"/><line number="50" hits="0" branch="false"/><line number="52" hits="431565" branch="false"/><line number="53" hits="431565" branch="true" condition-coverage="100% (2/2)"><conditions><condition number="0" type="jump" coverage="100%"/></conditions></line><line number="54" hits="2145" branch="false"/><line number="56" hits="429420" branch="false"/><line number="57" hits="431565" branch="false"/><line number="59" hits="400" branch="false"/><line number="65" hits="400" branch="false"/><line number="66" hits="400" branch="false"/><line number="67" hits="400" branch="true" condition-coverage="50% (1/2)"><conditions><condition number="0" type="jump" coverage="50%"/></conditions></line><line number="68" hits="0" branch="true" condition-coverage="0% (0/2)"><conditions><condition number="0" type="jump" coverage="0%"/></conditions></line><line number="71" hits="2000" branch="false"/><line number="72" hits="400" branch="false"/><line number="73" hits="400" branch="false"/><line number="74" hits="400" branch="false"/><line number="75" hits="400" branch="false"/><line number="77" hits="400" branch="false"/><line number="79" hits="2400" branch="false"/><line number="80" hits="400" branch="false"/><line number="81" hits="400" branch="false"/><line number="82" hits="400" branch="false"/><line number="83" hits="400" branch="false"/><line number="84" hits="400" branch="false"/><line number="87" hits="400" branch="false"/><line number="88" hits="400" branch="false"/><line number="90" hits="400" branch="false"/><line number="91" hits="400" branch="false"/><line number="92" hits="400" branch="true" condition-coverage="50% (1/2)"><conditions><condition number="0" type="jump" coverage="50%"/></conditions></line><line number="93" hits="400" branch="false"/><line number="94" hits="400" branch="false"/><line number="96" hits="400" branch="true" condition-coverage="50% (1/2)"><conditions><condition number="0" type="jump" coverage="50%"/></conditions></line><line number="97" hits="400" branch="true" condition-coverage="75% (3/4)"><conditions><condition number="0" type="jump" coverage="75%"/></conditions></line><line number="98" hits="120" branch="false"/><line number="99" hits="120" branch="false"/><line number="100" hits="120" branch="false"/><line number="101" hits="120" branch="false"/><line number="102" hits="280" branch="false"/><line number="103" hits="280" branch="false"/><line number="104" hits="280" branch="true" condition-coverage="50% (1/2)"><conditions><condition number="0" type="jump" coverage="50%"/></conditions></line><line number="105" hits="280" branch="false"/><line number="106" hits="280" branch="false"/><line number="107" hits="280" branch="false"/><line number="108" hits="280" branch="false"/><line number="110" hits="400" branch="false"/><line number="111" hits="400" branch="false"/><line number="113" hits="3" branch="false"/><line number="115" hits="3" branch="false"/><line number="116" hits="3" branch="false"/><line number="117" hits="3" branch="true" condition-coverage="50% (1/2)"><conditions><condition number="0" type="jump" coverage="50%"/></conditions></line><line number="118" hits="0" branch="false"/><line number="120" hits="3" branch="true" condition-coverage="50% (1/2)"><conditions><condition number="0" type="jump" coverage="50%"/></conditions></line><line number="121" hits="0" branch="false"/><line number="123" hits="3" branch="true" condition-coverage="50% (1/2)"><conditions><condition number="0" type="jump" coverage="50%"/></conditions></line><line number="124" hits="0" branch="false"/><line number="126" hits="3" branch="false"/><line number="127" hits="3" branch="false"/><line number="128" hits="3" branch="true" condition-coverage="50% (1/2)"><conditions><condition number="0" type="jump" coverage="50%"/></conditions></line><line number="129" hits="0" branch="false"/><line number="131" hits="3" branch="false"/><line number="132" hits="3" branch="false"/><line number="133" hits="3" branch="false"/><line number="134" hits="3" branch="false"/><line number="135" hits="3" branch="false"/><line number="136" hits="3" branch="false"/><line number="137" hits="3" branch="false"/><line number="139" hits="41674" branch="false"/><line number="140" hits="41674" branch="false"/><line number="141" hits="41674" branch="false"/><line number="144" hits="70" branch="false"/><line number="145" hits="70" branch="false"/><line number="146" hits="70" branch="false"/><line number="148" hits="41674" branch="false"/><line number="149" hits="208370" branch="true" condition-coverage="100% (2/2)"><conditions><condition number="0" type="jump" coverage="100%"/></conditions></line><line number="150" hits="166696" branch="false"/><line number="151" hits="583436" branch="true" condition-coverage="100% (2/2)"><conditions><condition number="0" type="jump" coverage="100%"/></conditions></line><line number="152" hits="416740" branch="false"/><line number="153" hits="416740" branch="false"/><line number="154" hits="166696" branch="false"/><line number="155" hits="41674" branch="false"/><line number="157" hits="60" branch="false"/><line number="158" hits="300" branch="true" condition-coverage="100% (2/2)"><conditions><condition number="0" type="jump" coverage="100%"/></conditions></line><line number="159" hits="600" branch="true" condition-coverage="100% (2/2)"><conditions><condition number="0" type="jump" coverage="100%"/></conditions></line><line number="160" hits="360" branch="false"/><line number="161" hits="360" branch="false"/><line number="162" hits="240" branch="false"/><line number="163" hits="60" branch="false"/><line number="167" hits="130" branch="false"/><line number="174" hits="636" branch="false"/><line number="175" hits="636" branch="false"/><line number="176" hits="3180" branch="true" condition-coverage="100% (2/2)"><conditions><condition number="0" type="jump" coverage="100%"/></conditions></line><line number="177" hits="2544" branch="false"/><line number="178" hits="12720" branch="true" condition-coverage="100% (2/2)"><conditions><condition number="0" type="jump" coverage="100%"/></conditions></line><line number="179" hits="10176" branch="false"/><line number="180" hits="10176" branch="false"/><line number="181" hits="2544" branch="false"/><line number="182" hits="2544" branch="false"/><line number="183" hits="636" branch="false"/><line number="186" hits="922" branch="false"/><line number="187" hits="922" branch="false"/><line number="188" hits="4610" branch="true" condition-coverage="100% (2/2)"><conditions><condition number="0" type="jump" coverage="100%"/></conditions></line><line number="189" hits="3688" branch="false"/><line number="190" hits="3688" branch="false"/><line number="191" hits="922" branch="false"/><line number="194" hits="521" branch="false"/><line number="195" hits="521" branch="false"/><line number="196" hits="521" branch="false"/><line number="197" hits="521" branch="true" condition-coverage="50% (1/2)"><conditions><condition number="0" type="jump" coverage="50%"/></conditions></line><line number="198" hits="2605" branch="true" condition-coverage="100% (2/2)"><conditions><condition number="0" type="jump" coverage="100%"/></conditions></line><line number="199" hits="2084" branch="false"/><line number="201" hits="521" branch="false"/><line number="202" hits="521" branch="false"/><line number="205" hits="226" branch="false"/><line number="207" hits="1130" branch="true" condition-coverage="100% (2/2)"><conditions><condition number="0" type="jump" coverage="100%"/></conditions></line><line number="208" hits="4520" branch="true" condition-coverage="100% (2/2)"><conditions><condition number="0" type="jump" coverage="100%"/></conditions></line><line number="209" hits="3616" branch="false"/><line number="210" hits="3616" branch="false"/><line number="211" hits="904" branch="false"/><line number="212" hits="904" branch="false"/><line number="213" hits="1130" branch="true" condition-coverage="100% (2/2)"><conditions><condition number="0" type="jump" coverage="100%"/></conditions></line><line number="214" hits="904" branch="false"/><line number="215" hits="904" branch="false"/><line number="216" hits="2260" branch="true" condition-coverage="100% (2/2)"><conditions><condition number="0" type="jump" coverage="100%"/></conditions></line><line number="217" hits="1356" branch="false"/><line number="218" hits="1356" branch="true" condition-coverage="50% (1/2)"><conditions><condition number="0" type="jump" coverage="50%"/></conditions></line><line number="219" hits="0" branch="false"/><line number="220" hits="0" branch="false"/><line number="221" hits="0" branch="false"/><line number="222" hits="1356" branch="false"/><line number="223" hits="904" branch="true" condition-coverage="50% (1/2)"><conditions><condition number="0" type="jump" coverage="50%"/></conditions></line><line number="224" hits="0" branch="false"/><line number="226" hits="904" branch="true" condition-coverage="50% (1/2)"><conditions><condition number="0" type="jump" coverage="50%"/></conditions></line><line number="227" hits="0" branch="true" condition-coverage="0% (0/2)"><conditions><condition number="0" type="jump" coverage="0%"/></conditions></line><line number="228" hits="0" branch="false"/><line number="229" hits="0" branch="false"/><line number="230" hits="0" branch="false"/><line number="231" hits="904" branch="false"/><line number="232" hits="4068" branch="true" condition-coverage="100% (2/2)"><conditions><condition number="0" type="jump" coverage="100%"/></conditions></line><line number="233" hits="3164" branch="false"/><line number="234" hits="3164" branch="false"/><line number="235" hits="4520" branch="true" condition-coverage="100% (2/2)"><conditions><condition number="0" type="jump" coverage="100%"/></conditions></line><line number="236" hits="3616" branch="true" condition-coverage="100% (2/2)"><conditions><condition number="0" type="jump" coverage="100%"/></conditions></line><line number="237" hits="904" branch="false"/><line number="239" hits="2712" branch="false"/><line number="240" hits="12204" branch="true" condition-coverage="100% (2/2)"><conditions><condition number="0" type="jump" coverage="100%"/></conditions></line><line number="241" hits="9492" branch="false"/><line number="242" hits="9492" branch="false"/><line number="243" hits="2712" branch="false"/><line number="244" hits="904" branch="false"/><line number="245" hits="1130" branch="true" condition-coverage="100% (2/2)"><conditions><condition number="0" type="jump" coverage="100%"/></conditions></line><line number="246" hits="904" branch="false"/><line number="247" hits="904" branch="false"/><line number="248" hits="226" branch="false"/><line number="249" hits="226" branch="false"/><line number="251" hits="401" branch="false"/><line number="252" hits="401" branch="false"/><line number="253" hits="401" branch="false"/><line number="256" hits="60" branch="false"/><line number="257" hits="60" branch="false"/><line number="258" hits="60" branch="false"/><line number="259" hits="60" branch="false"/><line number="260" hits="235" branch="true" condition-coverage="50% (1/2)"><conditions><condition number="0" type="jump" coverage="50%"/></conditions></line><line number="261" hits="235" branch="false"/><line number="262" hits="235" branch="false"/><line number="263" hits="235" branch="true" condition-coverage="50% (1/2)"><conditions><condition number="0" type="jump" coverage="50%"/></conditions></line><line number="264" hits="0" branch="false"/><line number="266" hits="235" branch="false"/><line number="267" hits="235" branch="true" condition-coverage="100% (2/2)"><conditions><condition number="0" type="jump" coverage="100%"/></conditions></line><line number="268" hits="60" branch="false"/><line number="269" hits="60" branch="false"/><line number="271" hits="175" branch="false"/><line number="272" hits="175" branch="false"/><line number="273" hits="175" branch="false"/><line number="274" hits="60" branch="false"/><line number="275" hits="60" branch="false"/><line number="277" hits="60" branch="false"/><line number="278" hits="60" branch="false"/><line number="279" hits="60" branch="false"/><line number="280" hits="60" branch="false"/><line number="281" hits="166" branch="true" condition-coverage="50% (1/2)"><conditions><condition number="0" type="jump" coverage="50%"/></conditions></line><line number="282" hits="166" branch="false"/><line number="283" hits="166" branch="false"/><line number="284" hits="166" branch="true" condition-coverage="50% (1/2)"><conditions><condition number="0" type="jump" coverage="50%"/></conditions></line><line number="285" hits="0" branch="false"/><line number="287" hits="166" branch="false"/><line number="288" hits="166" branch="false"/><line number="289" hits="166" branch="true" condition-coverage="50% (1/2)"><conditions><condition number="0" type="jump" coverage="50%"/></conditions></line><line number="290" hits="0" branch="false"/><line number="292" hits="166" branch="false"/><line number="293" hits="166" branch="true" condition-coverage="100% (2/2)"><conditions><condition number="0" type="jump" coverage="100%"/></conditions></line><line number="294" hits="60" branch="false"/><line number="295" hits="60" branch="false"/><line number="297" hits="106" branch="false"/><line number="298" hits="106" branch="false"/><line number="299" hits="106" branch="false"/><line number="300" hits="60" branch="false"/><line number="301" hits="60" branch="false"/><line number="303" hits="60" branch="false"/><line number="305" hits="300" branch="true" condition-coverage="100% (2/2)"><conditions><condition number="0" type="jump" coverage="100%"/></conditions></line><line number="306" hits="1200" branch="true" condition-coverage="100% (2/2)"><conditions><condition number="0" type="jump" coverage="100%"/></conditions></line><line number="307" hits="960" branch="false"/><line number="308" hits="960" branch="false"/><line number="309" hits="240" branch="false"/><line number="310" hits="60" branch="false"/><line number="311" hits="60" branch="true" condition-coverage="50% (1/2)"><conditions><condition number="0" type="jump" coverage="50%"/></conditions></line><line number="312" hits="0" branch="false"/><line number="314" hits="60" branch="false"/><line number="315" hits="60" branch="true" condition-coverage="50% (1/2)"><conditions><condition number="0" type="jump" coverage="50%"/></conditions></line><line number="316" hits="0" branch="false"/><line number="318" hits="60" branch="false"/><line number="319" hits="60" branch="false"/><line number="321" hits="60" branch="false"/><line number="322" hits="60" branch="false"/><line number="323" hits="300" branch="true" condition-coverage="100% (2/2)"><conditions><condition number="0" type="jump" coverage="100%"/></conditions></line><line number="324" hits="240" branch="false"/><line number="325" hits="240" branch="false"/><line number="327" hits="120" branch="false"/><line number="328" hits="60" branch="false"/><line number="331" hits="300" branch="true" condition-coverage="100% (2/2)"><conditions><condition number="0" type="jump" coverage="100%"/></conditions></line><line number="332" hits="240" branch="false"/><line number="333" hits="240" branch="false"/><line number="335" hits="60" branch="false"/><line number="336" hits="60" branch="true" condition-coverage="50% (1/2)"><conditions><condition number="0" type="jump" coverage="50%"/></conditions></line><line number="337" hits="300" branch="true" condition-coverage="100% (2/2)"><conditions><condition number="0" type="jump" coverage="100%"/></conditions></line><line number="338" hits="240" branch="false"/><line number="339" hits="240" branch="false"/><line number="340" hits="60" branch="false"/><line number="341" hits="60" branch="false"/><line number="342" hits="0" branch="false"/><line number="344" hits="60" branch="false"/><line number="351" hits="2" branch="false"/><line number="352" hits="2" branch="true" condition-coverage="50% (1/2)"><conditions><condition number="0" type="jump" coverage="50%"/></conditions></line><line number="353" hits="0" branch="true" condition-coverage="0% (0/2)"><conditions><condition number="0" type="jump" coverage="0%"/></conditions></line><line number="355" hits="2" branch="false"/><line number="356" hits="2" branch="false"/><line number="357" hits="2" branch="false"/><line number="358" hits="2" branch="false"/><line number="359" hits="2" branch="false"/><line number="360" hits="2" branch="false"/><line number="361" hits="2" branch="true" condition-coverage="50% (1/2)"><conditions><condition number="0" type="jump" coverage="50%"/></conditions></line><line number="362" hits="0" branch="true" condition-coverage="0% (0/2)"><conditions><condition number="0" type="jump" coverage="0%"/></conditions></line><lin
[...]
)"><conditions><condition number="0" type="jump" coverage="100%"/></conditions></line><line number="49" hits="278" branch="true" condition-coverage="100% (2/2)"><conditions><condition number="0" type="jump" coverage="100%"/></conditions></line><line number="50" hits="7" branch="false"/><line number="52" hits="271" branch="false"/><line number="53" hits="1456" branch="true" condition-coverage="100% (2/2)"><conditions><condition number="0" type="jump" coverage="100%"/></conditions></line><line number="54" hits="1185" branch="false"/><line number="56" hits="271" branch="false"/><line number="57" hits="271" branch="false"/><line number="59" hits="271" branch="false"/><line number="60" hits="271" branch="false"/><line number="61" hits="271" branch="false"/><line number="63" hits="271" branch="false"/><line number="64" hits="271" branch="false"/><line number="65" hits="271" branch="true" condition-coverage="100% (2/2)"><conditions><condition number="0" type="jump" coverage="100%"/></conditions></line><line number="67" hits="271" branch="true" condition-coverage="100% (2/2)"><conditions><condition number="0" type="jump" coverage="100%"/></conditions></line><line number="68" hits="228" branch="false"/><line number="69" hits="228" branch="false"/><line number="70" hits="228" branch="false"/><line number="71" hits="228" branch="false"/><line number="72" hits="228" branch="false"/><line number="73" hits="43" branch="false"/><line number="74" hits="43" branch="false"/><line number="75" hits="43" branch="false"/><line number="78" hits="271" branch="false"/><line number="79" hits="271" branch="true" condition-coverage="100% (2/2)"><conditions><condition number="0" type="jump" coverage="100%"/></conditions></line><line number="80" hits="42" branch="false"/><line number="81" hits="42" branch="false"/><line number="82" hits="271" branch="false"/><line number="83" hits="9" branch="false"/></lines></method><method name="quant::qmc::BrownianBridge::transform" signature="(double const*, double*) const" line-rate="0.9583333333333334" branch-rate="0.875" complexity="0.0"><lines><line number="85" hits="646144" branch="false"/><line number="86" hits="646144" branch="true" condition-coverage="50% (1/2)"><conditions><condition number="0" type="jump" coverage="50%"/></conditions></line><line number="87" hits="0" branch="false"/><line number="90" hits="646144" branch="false"/><line number="91" hits="646144" branch="false"/><line number="93" hits="646144" branch="false"/><line number="94" hits="23794688" branch="true" condition-coverage="100% (2/2)"><conditions><condition number="0" type="jump" coverage="100%"/></conditions></line><line number="95" hits="23148544" branch="false"/><line number="96" hits="23148544" branch="false"/><line number="97" hits="23148544" branch="false"/><line number="99" hits="23148544" branch="false"/><line number="100" hits="23148544" branch="true" condition-coverage="100% (2/2)"><conditions><condition number="0" type="jump" coverage="100%"/></conditions></line><line number="101" hits="19921920" branch="false"/><line number="102" hits="19921920" branch="false"/><line number="103" hits="3226624" branch="false"/><line number="105" hits="23148544" branch="false"/><line number="106" hits="23148544" branch="false"/><line number="108" hits="646144" branch="false"/><line number="109" hits="24440832" branch="true" condition-coverage="100% (2/2)"><conditions><condition number="0" type="jump" coverage="100%"/></conditions></line><line number="110" hits="23794688" branch="false"/><line number="111" hits="23794688" branch="false"/><line number="112" hits="23794688" branch="false"/><line number="113" hits="23794688" branch="false"/><line number="114" hits="646144" branch="false"/></lines></method></methods><lines><line number="9" hits="27" branch="false"/><line number="10" hits="9" branch="false"/><line number="11" hits="9" branch="false"/><line number="12" hits="9" branch="false"/><line number="13" hits="9" branch="true" condition-coverage="50% (1/2)"><conditions><condition number="0" type="jump" coverage="50%"/></conditions></line><line number="14" hits="9" branch="true" condition-coverage="50% (1/2)"><conditions><condition number="0" type="jump" coverage="50%"/></conditions></line><line number="15" hits="9" branch="true" condition-coverage="50% (1/2)"><conditions><condition number="0" type="jump" coverage="50%"/></conditions></line><line number="16" hits="9" branch="true" condition-coverage="50% (1/2)"><conditions><condition number="0" type="jump" coverage="50%"/></conditions></line><line number="17" hits="9" branch="true" condition-coverage="50% (1/2)"><conditions><condition number="0" type="jump" coverage="50%"/></conditions></line><line number="18" hits="27" branch="true" condition-coverage="50% (1/2)"><conditions><condition number="0" type="jump" coverage="50%"/></conditions></line><line number="19" hits="9" branch="true" condition-coverage="50% (1/2)"><conditions><condition number="0" type="jump" coverage="50%"/></conditions></line><line number="20" hits="0" branch="true" condition-coverage="0% (0/2)"><conditions><condition number="0" type="jump" coverage="0%"/></conditions></line><line number="22" hits="9" branch="true" condition-coverage="50% (1/2)"><conditions><condition number="0" type="jump" coverage="50%"/></conditions></line><line number="23" hits="0" branch="true" condition-coverage="0% (0/2)"><conditions><condition number="0" type="jump" coverage="0%"/></conditions></line><line number="26" hits="9" branch="false"/><line number="27" hits="289" branch="true" condition-coverage="100% (2/2)"><conditions><condition number="0" type="jump" coverage="100%"/></conditions></line><line number="28" hits="280" branch="false"/><line number="29" hits="280" branch="false"/><line number="31" hits="9" branch="true" condition-coverage="50% (1/2)"><conditions><condition number="0" type="jump" coverage="50%"/></conditions></line><line number="32" hits="18" branch="false"/><line number="34" hits="9" branch="false"/><line number="35" hits="9" branch="false"/><line number="37" hits="9" branch="false"/><line number="39" hits="9" branch="false"/><line number="40" hits="9" branch="false"/><line number="41" hits="9" branch="false"/><line number="42" hits="9" branch="false"/><line number="43" hits="9" branch="false"/><line number="44" hits="9" branch="false"/><line number="45" hits="9" branch="false"/><line number="47" hits="9" branch="false"/><line number="48" hits="280" branch="true" condition-coverage="100% (2/2)"><conditions><condition number="0" type="jump" coverage="100%"/></conditions></line><line number="49" hits="278" branch="true" condition-coverage="100% (2/2)"><conditions><condition number="0" type="jump" coverage="100%"/></conditions></line><line number="50" hits="7" branch="false"/><line number="52" hits="271" branch="false"/><line number="53" hits="1456" branch="true" condition-coverage="100% (2/2)"><conditions><condition number="0" type="jump" coverage="100%"/></conditions></line><line number="54" hits="1185" branch="false"/><line number="56" hits="271" branch="false"/><line number="57" hits="271" branch="false"/><line number="59" hits="271" branch="false"/><line number="60" hits="271" branch="false"/><line number="61" hits="271" branch="false"/><line number="63" hits="271" branch="false"/><line number="64" hits="271" branch="false"/><line number="65" hits="271" branch="true" condition-coverage="100% (2/2)"><conditions><condition number="0" type="jump" coverage="100%"/></conditions></line><line number="67" hits="271" branch="true" condition-coverage="100% (2/2)"><conditions><condition number="0" type="jump" coverage="100%"/></conditions></line><line number="68" hits="228" branch="false"/><line number="69" hits="228" branch="false"/><line number="70" hits="228" branch="false"/><line number="71" hits="228" branch="false"/><line number="72" hits="228" branch="false"/><line number="73" hits="43" branch="false"/><line number="74" hits="43" branch="false"/><line number="75" hits="43" branch="false"/><line number="78" hits="271" branch="false"/><line number="79" hits="271" branch="true" condition-coverage="100% (2/2)"><conditions><condition number="0" type="jump" coverage="100%"/></conditions></line><line number="80" hits="42" branch="false"/><line number="81" hits="42" branch="false"/><line number="82" hits="271" branch="false"/><line number="83" hits="9" branch="false"/><line number="85" hits="646144" branch="false"/><line number="86" hits="646144" branch="true" condition-coverage="50% (1/2)"><conditions><condition number="0" type="jump" coverage="50%"/></conditions></line><line number="87" hits="0" branch="false"/><line number="90" hits="646144" branch="false"/><line number="91" hits="646144" branch="false"/><line number="93" hits="646144" branch="false"/><line number="94" hits="23794688" branch="true" condition-coverage="100% (2/2)"><conditions><condition number="0" type="jump" coverage="100%"/></conditions></line><line number="95" hits="23148544" branch="false"/><line number="96" hits="23148544" branch="false"/><line number="97" hits="23148544" branch="false"/><line number="99" hits="23148544" branch="false"/><line number="100" hits="23148544" branch="true" condition-coverage="100% (2/2)"><conditions><condition number="0" type="jump" coverage="100%"/></conditions></line><line number="101" hits="19921920" branch="false"/><line number="102" hits="19921920" branch="false"/><line number="103" hits="3226624" branch="false"/><line number="105" hits="23148544" branch="false"/><line number="106" hits="23148544" branch="false"/><line number="108" hits="646144" branch="false"/><line number="109" hits="24440832" branch="true" condition-coverage="100% (2/2)"><conditions><condition number="0" type="jump" coverage="100%"/></conditions></line><line number="110" hits="23794688" branch="false"/><line number="111" hits="23794688" branch="false"/><line number="112" hits="23794688" branch="false"/><line number="113" hits="23794688" branch="false"/><line number="114" hits="646144" branch="false"/></lines></class><class name="sobol_cpp" filename="src/qmc/sobol.cpp" line-rate="0.7678571428571429" branch-rate="0.47619047619047616" complexity="0.0"><methods><method name="quant::qmc::SobolSequence::SobolSequence" signature="(unsigned long, bool, unsigned long long)" line-rate="0.8181818181818182" branch-rate="0.43333333333333335" complexity="0.0"><lines><line number="93" hits="2" branch="false"/><line number="96" hits="1" branch="false"/><line number="97" hits="1" branch="false"/><line number="98" hits="3" branch="true" condition-coverage="50% (2/4)"><conditions><condition number="0" type="jump" coverage="50%"/></conditions></line><line number="99" hits="1" branch="true" condition-coverage="50% (1/2)"><conditions><condition number="0" type="jump" coverage="50%"/></conditions></line><line number="100" hits="0" branch="true" condition-coverage="0% (0/4)"><conditions><condition number="0" type="jump" coverage="0%"/></conditions></line><line number="103" hits="33" branch="true" condition-coverage="100% (2/2)"><conditions><condition number="0" type="jump" coverage="100%"/></conditions></line><line number="104" hits="32" branch="false"/><line number="105" hits="32" branch="false"/><line number="106" hits="32" branch="true" condition-coverage="50% (1/2)"><conditions><condition number="0" type="jump" coverage="50%"/></conditions></line><line number="108" hits="32" branch="false"/><line number="109" hits="32" branch="false"/><line number="110" hits="207" branch="true" condition-coverage="100% (2/2)"><conditions><condition number="0" type="jump" coverage="100%"/></conditions></line><line number="111" hits="350" branch="false"/><line number="112" hits="175" branch="false"/><line number="113" hits="175" branch="false"/><line number="114" hits="1905" branch="true" condition-coverage="100% (2/2)"><conditions><condition number="0" type="jump" coverage="100%"/></conditions></line><line number="115" hits="1873" branch="false"/><line number="116" hits="5696" branch="true" condition-coverage="100% (2/2)"><conditions><condition number="0" type="jump" coverage="100%"/></conditions></line><line number="117" hits="3823" branch="false"/><line number="118" hits="3823" branch="false"/><line number="119" hits="3823" branch="false"/><line number="120" hits="3823" branch="false"/><line number="121" hits="1873" branch="false"/><line number="122" hits="1873" branch="false"/><line number="123" hits="32" branch="false"/><line number="125" hits="1" branch="true" condition-coverage="50% (1/2)"><conditions><condition number="0" type="jump" coverage="50%"/></conditions></line><line number="126" hits="0" branch="true" condition-coverage="0% (0/4)"><conditions><condition number="0" type="jump" coverage="0%"/></conditions></line><line number="127" hits="0" branch="true" condition-coverage="0% (0/2)"><conditions><condition number="0" type="jump" coverage="0%"/></conditions></line><line number="128" hits="0" branch="true" condition-coverage="0% (0/2)"><conditions><condition number="0" type="jump" coverage="0%"/></conditions></line><line number="129" hits="0" branch="false"/><line number="130" hits="0" branch="false"/><line number="131" hits="2" branch="false"/></lines></method><method name="quant::qmc::SobolSequence::generate" signature="(unsigned long long, double*) const" line-rate="0.8888888888888888" branch-rate="0.875" complexity="0.0"><lines><line number="133" hits="2048" branch="false"/><line number="134" hits="67584" branch="true" condition-coverage="100% (2/2)"><conditions><condition number="0" type="jump" coverage="100%"/></conditions></line><line number="135" hits="65536" branch="false"/><line number="136" hits="65536" branch="false"/><line number="137" hits="65536" branch="false"/><line number="138" hits="720928" branch="true" condition-coverage="100% (2/2)"><conditions><condition number="0" type="jump" coverage="100%"/></conditions></line><line number="139" hits="655392" branch="true" condition-coverage="100% (2/2)"><conditions><condition number="0" type="jump" coverage="100%"/></conditions></line><line number="140" hits="360448" branch="false"/><line number="141" hits="360448" branch="false"/><line number="142" hits="655392" branch="false"/><line number="143" hits="655392" branch="false"/><line number="145" hits="65536" branch="true" condition-coverage="50% (1/2)"><conditions><condition number="0" type="jump" coverage="50%"/></conditions></line><line number="146" hits="0" branch="false"/><line number="147" hits="0" branch="false"/><line number="148" hits="65536" branch="false"/><line number="149" hits="65536" branch="false"/><line number="150" hits="65536" branch="false"/><line number="151" hits="2048" branch="false"/></lines></method><method name="quant::qmc::SobolSequence::generate" signature="(unsigned long long) const" line-rate="0.0" branch-rate="0.0" complexity="0.0"><lines><line number="153" hits="0" branch="false"/><line number="154" hits="0" branch="false"/><line number="155" hits="0" branch="true" condition-coverage="0% (0/2)"><conditions><condition number="0" type="jump" coverage="0%"/></conditions></line><line number="156" hits="0" branch="false"/><line number="157" hits="0" branch="true" condition-coverage="0% (0/2)"><conditions><condition number="0" type="jump" coverage="0%"/></conditions></line></lines></method></methods><lines><line number="93" hits="2" branch="false"/><line number="96" hits="1" branch="false"/><line number="97" hits="1" branch="false"/><line number="98" hits="3" branch="true" condition-coverage="50% (2/4)"><conditions><condition number="0" type="jump" coverage="50%"/></conditions></line><line number="99" hits="1" branch="true" condition-coverage="50% (1/2)"><conditions><condition number="0" type="jump" coverage="50%"/></conditions></line><line number="100" hits="0" branch="true" condition-coverage="0% (0/4)"><conditions><condition number="0" type="jump" coverage="0%"/></conditions></line><line number="103" hits="33" branch="true" condition-coverage="100% (2/2)"><conditions><condition number="0" type="jump" coverage="100%"/></conditions></line><line number="104" hits="32" branch="false"/><line number="105" hits="32" branch="false"/><line number="106" hits="32" branch="true" condition-coverage="50% (1/2)"><conditions><condition number="0" type="jump" coverage="50%"/></conditions></line><line number="108" hits="32" branch="false"/><line number="109" hits="32" branch="false"/><line number="110" hits="207" branch="true" condition-coverage="100% (2/2)"><conditions><condition number="0" type="jump" coverage="100%"/></conditions></line><line number="111" hits="350" branch="false"/><line number="112" hits="175" branch="false"/><line number="113" hits="175" branch="false"/><line number="114" hits="1905" branch="true" condition-coverage="100% (2/2)"><conditions><condition number="0" type="jump" coverage="100%"/></conditions></line><line number="115" hits="1873" branch="false"/><line number="116" hits="5696" branch="true" condition-coverage="100% (2/2)"><conditions><condition number="0" type="jump" coverage="100%"/></conditions></line><line number="117" hits="3823" branch="false"/><line number="118" hits="3823" branch="false"/><line number="119" hits="3823" branch="false"/><line number="120" hits="3823" branch="false"/><line number="121" hits="1873" branch="false"/><line number="122" hits="1873" branch="false"/><line number="123" hits="32" branch="false"/><line number="125" hits="1" branch="true" condition-coverage="50% (1/2)"><conditions><condition number="0" type="jump" coverage="50%"/></conditions></line><line number="126" hits="0" branch="true" condition-coverage="0% (0/4)"><conditions><condition number="0" type="jump" coverage="0%"/></conditions></line><line number="127" hits="0" branch="true" condition-coverage="0% (0/2)"><conditions><condition number="0" type="jump" coverage="0%"/></conditions></line><line number="128" hits="0" branch="true" condition-coverage="0% (0/2)"><conditions><condition number="0" type="jump" coverage="0%"/></conditions></line><line number="129" hits="0" branch="false"/><line number="130" hits="0" branch="false"/><line number="131" hits="2" branch="false"/><line number="133" hits="2048" branch="false"/><line number="134" hits="67584" branch="true" condition-coverage="100% (2/2)"><conditions><condition number="0" type="jump" coverage="100%"/></conditions></line><line number="135" hits="65536" branch="false"/><line number="136" hits="65536" branch="false"/><line number="137" hits="65536" branch="false"/><line number="138" hits="720928" branch="true" condition-coverage="100% (2/2)"><conditions><condition number="0" type="jump" coverage="100%"/></conditions></line><line number="139" hits="655392" branch="true" condition-coverage="100% (2/2)"><conditions><condition number="0" type="jump" coverage="100%"/></conditions></line><line number="140" hits="360448" branch="false"/><line number="141" hits="360448" branch="false"/><line number="142" hits="655392" branch="false"/><line number="143" hits="655392" branch="false"/><line number="145" hits="65536" branch="true" condition-coverage="50% (1/2)"><conditions><condition number="0" type="jump" coverage="50%"/></conditions></line><line number="146" hits="0" branch="false"/><line number="147" hits="0" branch="false"/><line number="148" hits="65536" branch="false"/><line number="149" hits="65536" branch="false"/><line number="150" hits="65536" branch="false"/><line number="151" hits="2048" branch="false"/><line number="153" hits="0" branch="false"/><line number="154" hits="0" branch="false"/><line number="155" hits="0" branch="true" condition-coverage="0% (0/2)"><conditions><condition number="0" type="jump" coverage="0%"/></conditions></line><line number="156" hits="0" branch="false"/><line number="157" hits="0" branch="true" condition-coverage="0% (0/2)"><conditions><condition number="0" type="jump" coverage="0%"/></conditions></line></lines></class></classes></package></packages></coverage>